#
# A fatal error has been detected by the Java Runtime Environment:
#
#  Internal Error (javaClasses.cpp:127), pid=3616, tid=5880
#  fatal error: Invalid layout of preloaded class
#
# JRE version:  (8.0_45-b15) (build )
# Java VM: Java HotSpot(TM) Client VM (25.45-b02 mixed mode windows-x86 )
# Failed to write core dump. Minidumps are not enabled by default on client versions of Windows
#
# If you would like to submit a bug report, please visit:
#   http://bugreport.java.com/bugreport/crash.jsp
#

---------------  T H R E A D  ---------------

Current thread (0x00ffbc00):  JavaThread "Unknown thread" [_thread_in_vm, id=5880, stack(0x00e60000,0x00eb0000)]

Stack: [0x00e60000,0x00eb0000],  sp=0x00eaf30c,  free space=316k
Native frames: (J=compiled Java code, j=interpreted, Vv=VM code, C=native code)
V  [jvm.dll+0x1a4f8b]
V  [jvm.dll+0x19d846]
V  [jvm.dll+0x42269]
V  [jvm.dll+0x4241e]
V  [jvm.dll+0x5193e]
V  [jvm.dll+0xa86ae]
V  [jvm.dll+0xa8972]
V  [jvm.dll+0x154631]
V  [jvm.dll+0x17869b]
V  [jvm.dll+0xe51a1]
C  [javaw.exe+0x14d3]
C  [javaw.exe+0x2047]
C  [javaw.exe+0xadff]
C  [javaw.exe+0xae89]
C  [KERNEL32.DLL+0x173e]
C  [ntdll.dll+0x4df21]
C  [ntdll.dll+0x4decd]
C  0x00000000


---------------  P R O C E S S  ---------------

Java Threads: ( => current thread )

Other Threads:

=>0x00ffbc00 (exited) JavaThread "Unknown thread" [_thread_in_vm, id=5880, stack(0x00e60000,0x00eb0000)]

VM state:not at safepoint (not fully initialized)

VM Mutex/Monitor currently owned by a thread: None

GC Heap History (0 events):
No events

Deoptimization events (0 events):
No events

Internal exceptions (0 events):
No events

Events (10 events):
Event: 0.020 loading class java/lang/CharSequence done
Event: 0.021 loading class java/lang/String done
Event: 0.021 loading class java/lang/Class
Event: 0.022 loading class java/lang/reflect/AnnotatedElement
Event: 0.022 loading class java/lang/reflect/AnnotatedElement done
Event: 0.022 loading class java/lang/reflect/GenericDeclaration
Event: 0.022 loading class java/lang/reflect/GenericDeclaration done
Event: 0.022 loading class java/lang/reflect/Type
Event: 0.022 loading class java/lang/reflect/Type done
Event: 0.022 loading class java/lang/Class done


Dynamic libraries:
0x010d0000 - 0x01103000 	G:\Program Files\Java\jre1.8.0_45\bin\javaw.exe
0x77940000 - 0x77aa7000 	G:\Windows\SYSTEM32\ntdll.dll
0x772d0000 - 0x773c8000 	G:\Windows\system32\KERNEL32.DLL
0x75020000 - 0x750dc000 	G:\Windows\system32\KERNELBASE.dll
0x774c0000 - 0x7756e000 	G:\Windows\system32\ADVAPI32.dll
0x771b0000 - 0x772d0000 	G:\Windows\system32\USER32.dll
0x739e0000 - 0x73bd8000 	G:\Windows\WinSxS\x86_microsoft.windows.common-controls_6595b64144ccf1df_6.0.9200.17359_none_8935f06086091acc\COMCTL32.dll
0x770f0000 - 0x771a1000 	G:\Windows\system32\msvcrt.dll
0x773e0000 - 0x77414000 	G:\Windows\SYSTEM32\sechost.dll
0x76450000 - 0x76521000 	G:\Windows\system32\RPCRT4.dll
0x76950000 - 0x76a5b000 	G:\Windows\system32\GDI32.dll
0x76fe0000 - 0x7700b000 	G:\Windows\system32\IMM32.DLL
0x76790000 - 0x7686d000 	G:\Windows\system32\MSCTF.dll
0x67470000 - 0x6752f000 	G:\Program Files\Java\jre1.8.0_45\bin\msvcr100.dll
0x5dbc0000 - 0x5df80000 	G:\Program Files\Java\jre1.8.0_45\bin\client\jvm.dll
0x708c0000 - 0x708c8000 	G:\Windows\SYSTEM32\WSOCK32.dll
0x6a680000 - 0x6a6a1000 	G:\Windows\SYSTEM32\WINMM.dll
0x707d0000 - 0x707d8000 	G:\Windows\SYSTEM32\VERSION.dll
0x773d0000 - 0x773d6000 	G:\Windows\system32\PSAPI.DLL
0x76b90000 - 0x76be0000 	G:\Windows\system32\WS2_32.dll
0x6a5f0000 - 0x6a61b000 	G:\Windows\SYSTEM32\WINMMBASE.dll
0x76440000 - 0x76448000 	G:\Windows\system32\NSI.dll
0x75270000 - 0x752b6000 	G:\Windows\SYSTEM32\cfgmgr32.dll
0x75000000 - 0x7501e000 	G:\Windows\system32\DEVOBJ.dll
0x6dc80000 - 0x6dc8c000 	G:\Program Files\Java\jre1.8.0_45\bin\verify.dll
0x6b9c0000 - 0x6b9e1000 	G:\Program Files\Java\jre1.8.0_45\bin\java.dll
0x6ca20000 - 0x6ca33000 	G:\Program Files\Java\jre1.8.0_45\bin\zip.dll
0x6d630000 - 0x6d759000 	G:\Windows\SYSTEM32\dbghelp.dll

VM Arguments:
jvm_args: -Dfile.encoding=Cp1252 -Xbootclasspath:C:\adt-bundle-windows-x86-20140702\adt-bundle-windows-x86-20140702\sdk\platforms\android-20\android.jar;C:\android-google-maps-api10.jar\android-google-maps-api10.jar 
java_command: com.example.ejemplogooglemaps.Pruebas
java_class_path (initial): G:\Users\adrian\workspace\EjemploGoogleMaps\bin\classes;G:\Users\adrian\workspace\appcompat_v7\libs\android-support-v4.jar;G:\Users\adrian\workspace\google-play-services_lib\libs\google-play-services.jar;G:\Users\adrian\workspace\appcompat_v7\libs\android-support-v7-appcompat.jar;G:\Users\adrian\workspace\appcompat_v7\bin\appcompat_v7.jar;G:\Users\adrian\workspace\google-play-services_lib\bin\google-play-services_lib.jar
Launcher Type: SUN_STANDARD

Environment Variables:
PATH=G:/Program Files/Java/jre1.8.0_45/bin/client;G:/Program Files/Java/jre1.8.0_45/bin;G:/Program Files/Java/jre1.8.0_45/lib/i386;G:\ProgramData\Oracle\Java\javapath;G:\Windows\system32;G:\Windows;G:\Windows\System32\Wbem;G:\Windows\System32\WindowsPowerShell\v1.0\;G:\Program Files\Skype\Phone\;C:\adt-bundle-windows-x86-20140702\adt-bundle-windows-x86-20140702\eclipse;
USERNAME=adrian
OS=Windows_NT
PROCESSOR_IDENTIFIER=x86 Family 6 Model 23 Stepping 10, GenuineIntel



---------------  S Y S T E M  ---------------

OS: Windows 8 Build 9200 (6.2.9200.16859)

CPU:total 2 (2 cores per cpu, 1 threads per core) family 6 model 23 stepping 10, cmov, cx8, fxsr, mmx, sse, sse2, sse3, ssse3, tsc

Memory: 4k page, physical 3074016k(1326864k free), swap 3925984k(1666716k free)

vm_info: Java HotSpot(TM) Client VM (25.45-b02) for windows-x86 JRE (1.8.0_45-b15), built on Apr 30 2015 12:31:00 by "java_re" with MS VC++ 10.0 (VS2010)

time: Wed Jul 29 22:11:58 2015
elapsed time: 0 seconds (0d 0h 0m 0s)

